<?xml version="1.0" encoding="UTF-8"?>
<!-- Generated by org.testng.reporters.JUnitXMLReporter -->
<testsuite ignored="0" hostname="DESKTOP-5LHD33A" failures="1" tests="1" name="Test" time="4.489" errors="0" timestamp="2026-03-22T16:19:02 IST">
  <testcase classname="testCases.TC003_LoginDDT" name="verify_LoginDDT" time="1.943">
    <failure type="org.testng.internal.reflect.MethodMatcherException" message="
[public void testCases.TC003_LoginDDT.verify_LoginDDT(java.lang.String,java.lang.String,java.lang.String) throws java.lang.InterruptedException] has no parameters defined but was found to be using a data provider (either explicitly specified or inherited from class level annotation).
Data provider mismatch
Method: verify_LoginDDT([java.lang.String arg0, java.lang.String arg1, java.lang.String arg2])
Arguments: [(java.lang.String) mamta.26@gmail.com,(java.lang.String) mamta#123,(java.lang.String) valid,(java.lang.String) ,(java.lang.String) ]">
      <![CDATA[org.testng.internal.reflect.MethodMatcherException: 
[public void testCases.TC003_LoginDDT.verify_LoginDDT(java.lang.String,java.lang.String,java.lang.String) throws java.lang.InterruptedException] has no parameters defined but was found to be using a data provider (either explicitly specified or inherited from class level annotation).
Data provider mismatch
Method: verify_LoginDDT([java.lang.String arg0, java.lang.String arg1, java.lang.String arg2])
Arguments: [(java.lang.String) mamta.26@gmail.com,(java.lang.String) mamta#123,(java.lang.String) valid,(java.lang.String) ,(java.lang.String) ]
at java.base/java.util.ArrayList.forEach(ArrayList.java:1596)
... Removed 22 stack frames]]>
    </failure>
  </testcase> <!-- verify_LoginDDT -->
</testsuite> <!-- Test -->
