<?xml version="1.0" encoding="UTF-8"?>
<!-- Generated by org.testng.reporters.JUnitReportReporter -->
<testsuite hostname="DESKTOP-5LHD33A" failures="0" tests="5" name="testCases.TC003_LoginDDT" time="51.331" errors="0" timestamp="2026-03-25T15:11:54 IST" skipped="0">
  <testcase classname="testCases.TC003_LoginDDT" name="verify_LoginDDT" time="12.278"/>
  <testcase classname="testCases.TC003_LoginDDT" name="verify_LoginDDT" time="6.971"/>
  <testcase classname="testCases.TC003_LoginDDT" name="verify_LoginDDT" time="7.312"/>
  <testcase classname="testCases.TC003_LoginDDT" name="verify_LoginDDT" time="12.100"/>
  <testcase classname="testCases.TC003_LoginDDT" name="verify_LoginDDT" time="12.670"/>
</testsuite> <!-- testCases.TC003_LoginDDT -->
